build/outputs/logs/manifest-merger-debug-report.txt
-- Merging decision tree log ---
manifest
ADDED from CKY\ChuangKeYuan\AndroidManifest.xml:2:1-384:12
	package
		ADDED from CKY\ChuangKeYuan\AndroidManifest.xml:3:5-39
		INJECTED from CKY\ChuangKeYuan\AndroidManifest.xml
		INJECTED from CKY\ChuangKeYuan\AndroidManifest.xml
	android:versionName
		ADDED from CKY\ChuangKeYuan\AndroidManifest.xml:5:5-32
		INJECTED from CKY\ChuangKeYuan\AndroidManifest.xml
		INJECTED from CKY\ChuangKeYuan\AndroidManifest.xml
	android:versionCode
		ADDED from CKY\ChuangKeYuan\AndroidManifest.xml:4:5-29
		INJECTED from CKY\ChuangKeYuan\AndroidManifest.xml
		INJECTED from CKY\ChuangKeYuan\AndroidManifest.xml
	xmlns:android
		ADDED from CKY\ChuangKeYuan\AndroidManifest.xml:2:11-69
uses-sdk
ADDED from CKY\ChuangKeYuan\AndroidManifest.xml:7:5-9:41
MERGED from [com.android.support:multidex:1.0.1] AndroidManifest.xml:18:5-42
MERGED from [ChuangKeYuan:EaseUI:unspecified] AndroidManifest.xml:7:5-9:41
	android:targetSdkVersion
		ADDED from CKY\ChuangKeYuan\AndroidManifest.xml:9:9-38
		INJECTED from CKY\ChuangKeYuan\AndroidManifest.xml
		INJECTED from CKY\ChuangKeYuan\AndroidManifest.xml
	android:minSdkVersion
		ADDED from CKY\ChuangKeYuan\AndroidManifest.xml:8:9-34
		INJECTED from CKY\ChuangKeYuan\AndroidManifest.xml
		INJECTED from CKY\ChuangKeYuan\AndroidManifest.xml
uses-permission#android.permission.VIBRATE
ADDED from CKY\ChuangKeYuan\AndroidManifest.xml:11:5-66
	android:name
		ADDED from CKY\ChuangKeYuan\AndroidManifest.xml:11:22-63
uses-permission#android.permission.INTERNET
ADDED from CKY\ChuangKeYuan\AndroidManifest.xml:12:5-67
	android:name
		ADDED from CKY\ChuangKeYuan\AndroidManifest.xml:12:22-64
uses-permission#android.permission.RECORD_AUDIO
ADDED from CKY\ChuangKeYuan\AndroidManifest.xml:13:5-71
	android:name
		ADDED from CKY\ChuangKeYuan\AndroidManifest.xml:13:22-68
uses-permission#android.permission.CAMERA
ADDED from CKY\ChuangKeYuan\AndroidManifest.xml:14:5-65
	android:name
		ADDED from CKY\ChuangKeYuan\AndroidManifest.xml:14:22-62
uses-permission#android.permission.ACCESS_NETWORK_STATE
ADDED from CKY\ChuangKeYuan\AndroidManifest.xml:15:5-79
	android:name
		ADDED from CKY\ChuangKeYuan\AndroidManifest.xml:15:22-76
uses-permission#android.permission.WRITE_EXTERNAL_STORAGE
ADDED from CKY\ChuangKeYuan\AndroidManifest.xml:16:5-81
	android:name
		ADDED from CKY\ChuangKeYuan\AndroidManifest.xml:16:22-78
uses-permission#android.permission.MOUNT_UNMOUNT_FILESYSTEMS
ADDED from CKY\ChuangKeYuan\AndroidManifest.xml:17:5-84
	android:name
		ADDED from CKY\ChuangKeYuan\AndroidManifest.xml:17:22-81
uses-permission#android.permission.ACCESS_FINE_LOCATION
ADDED from CKY\ChuangKeYuan\AndroidManifest.xml:18:5-79
	android:name
		ADDED from CKY\ChuangKeYuan\AndroidManifest.xml:18:22-76
uses-permission#android.permission.GET_TASKS
ADDED from CKY\ChuangKeYuan\AndroidManifest.xml:19:5-68
	android:name
		ADDED from CKY\ChuangKeYuan\AndroidManifest.xml:19:22-65
uses-permission#android.permission.ACCESS_WIFI_STATE
ADDED from CKY\ChuangKeYuan\AndroidManifest.xml:20:5-76
	android:name
		ADDED from CKY\ChuangKeYuan\AndroidManifest.xml:20:22-73
uses-permission#android.permission.CHANGE_WIFI_STATE
ADDED from CKY\ChuangKeYuan\AndroidManifest.xml:21:5-76
	android:name
		ADDED from CKY\ChuangKeYuan\AndroidManifest.xml:21:22-73
uses-permission#android.permission.WAKE_LOCK
ADDED from CKY\ChuangKeYuan\AndroidManifest.xml:22:5-68
	android:name
		ADDED from CKY\ChuangKeYuan\AndroidManifest.xml:22:22-65
uses-permission#android.permission.MODIFY_AUDIO_SETTINGS
ADDED from CKY\ChuangKeYuan\AndroidManifest.xml:23:5-80
	android:name
		ADDED from CKY\ChuangKeYuan\AndroidManifest.xml:23:22-77
uses-permission#android.permission.READ_PHONE_STATE
ADDED from CKY\ChuangKeYuan\AndroidManifest.xml:24:5-75
	android:name
		ADDED from CKY\ChuangKeYuan\AndroidManifest.xml:24:22-72
uses-permission#android.permission.RECEIVE_BOOT_COMPLETED
ADDED from CKY\ChuangKeYuan\AndroidManifest.xml:25:5-81
	android:name
		ADDED from CKY\ChuangKeYuan\AndroidManifest.xml:25:22-78
uses-permission#android.permission.GET_ACCOUNTS
ADDED from CKY\ChuangKeYuan\AndroidManifest.xml:26:5-71
	android:name
		ADDED from CKY\ChuangKeYuan\AndroidManifest.xml:26:22-68
uses-permission#android.permission.USE_CREDENTIALS
ADDED from CKY\ChuangKeYuan\AndroidManifest.xml:27:5-74
	android:name
		ADDED from CKY\ChuangKeYuan\AndroidManifest.xml:27:22-71
uses-permission#android.permission.MANAGE_ACCOUNTS
ADDED from CKY\ChuangKeYuan\AndroidManifest.xml:28:5-74
	android:name
		ADDED from CKY\ChuangKeYuan\AndroidManifest.xml:28:22-71
uses-permission#android.permission.AUTHENTICATE_ACCOUNTS
ADDED from CKY\ChuangKeYuan\AndroidManifest.xml:29:5-80
	android:name
		ADDED from CKY\ChuangKeYuan\AndroidManifest.xml:29:22-77
uses-permission#com.android.launcher.permission.READ_SETTINGS
ADDED from CKY\ChuangKeYuan\AndroidManifest.xml:30:5-85
	android:name
		ADDED from CKY\ChuangKeYuan\AndroidManifest.xml:30:22-82
uses-permission#android.permission.BROADCAST_STICKY
ADDED from CKY\ChuangKeYuan\AndroidManifest.xml:31:5-75
	android:name
		ADDED from CKY\ChuangKeYuan\AndroidManifest.xml:31:22-72
uses-permission#android.permission.WRITE_SETTINGS
ADDED from CKY\ChuangKeYuan\AndroidManifest.xml:32:5-73
	android:name
		ADDED from CKY\ChuangKeYuan\AndroidManifest.xml:32:22-70
uses-permission#com.google.android.c2dm.permission.RECEIVE
ADDED from CKY\ChuangKeYuan\AndroidManifest.xml:34:5-82
	android:name
		ADDED from CKY\ChuangKeYuan\AndroidManifest.xml:34:22-79
permission#com.easemob.ChuangKeYuan.permission.C2D_MESSAGE
ADDED from CKY\ChuangKeYuan\AndroidManifest.xml:37:5-38:47
	android:protectionLevel
		ADDED from CKY\ChuangKeYuan\AndroidManifest.xml:38:9-44
	android:name
		ADDED from CKY\ChuangKeYuan\AndroidManifest.xml:37:17-79
uses-permission#com.easemob.chatuidemo.permission.C2D_MESSAGE
ADDED from CKY\ChuangKeYuan\AndroidManifest.xml:39:5-85
	android:name
		ADDED from CKY\ChuangKeYuan\AndroidManifest.xml:39:22-82
permission#com.easemob.ChuangKeYuan.permission.MIPUSH_RECEIVE
ADDED from CKY\ChuangKeYuan\AndroidManifest.xml:40:6-42:47
	android:protectionLevel
		ADDED from CKY\ChuangKeYuan\AndroidManifest.xml:42:9-44
	android:name
		ADDED from CKY\ChuangKeYuan\AndroidManifest.xml:41:9-74
uses-permission#com.easemob.chatuidemo.permission.MIPUSH_RECEIVE
ADDED from CKY\ChuangKeYuan\AndroidManifest.xml:44:5-88
	android:name
		ADDED from CKY\ChuangKeYuan\AndroidManifest.xml:44:22-85
application
ADDED from CKY\ChuangKeYuan\AndroidManifest.xml:47:5-382:19
	android:label
		ADDED from CKY\ChuangKeYuan\AndroidManifest.xml:51:9-41
	android:allowBackup
		ADDED from CKY\ChuangKeYuan\AndroidManifest.xml:49:9-35
	android:icon
		ADDED from CKY\ChuangKeYuan\AndroidManifest.xml:50:9-48
	android:theme
		ADDED from CKY\ChuangKeYuan\AndroidManifest.xml:52:9-62
	android:name
		ADDED from CKY\ChuangKeYuan\AndroidManifest.xml:48:9-38
activity#com.easemob.ChuangKeYuan.ui.MainActivity
ADDED from CKY\ChuangKeYuan\AndroidManifest.xml:54:9-60:20
	android:screenOrientation
		ADDED from CKY\ChuangKeYuan\AndroidManifest.xml:57:13-49
	android:launchMode
		ADDED from CKY\ChuangKeYuan\AndroidManifest.xml:56:13-44
	android:windowSoftInputMode
		ADDED from CKY\ChuangKeYuan\AndroidManifest.xml:59:13-52
	android:theme
		ADDED from CKY\ChuangKeYuan\AndroidManifest.xml:58:13-52
	android:name
		ADDED from CKY\ChuangKeYuan\AndroidManifest.xml:55:13-68
activity#com.easemob.ChuangKeYuan.ui.SplashActivity
ADDED from CKY\ChuangKeYuan\AndroidManifest.xml:75:9-80:20
	android:name
		ADDED from CKY\ChuangKeYuan\AndroidManifest.xml:75:19-76
intent-filter#android.intent.action.MAIN+android.intent.category.LAUNCHER
ADDED from CKY\ChuangKeYuan\AndroidManifest.xml:76:13-79:29
action#android.intent.action.MAIN
ADDED from CKY\ChuangKeYuan\AndroidManifest.xml:77:17-69
	android:name
		ADDED from CKY\ChuangKeYuan\AndroidManifest.xml:77:25-66
category#android.intent.category.LAUNCHER
ADDED from CKY\ChuangKeYuan\AndroidManifest.xml:78:17-77
	android:name
		ADDED from CKY\ChuangKeYuan\AndroidManifest.xml:78:27-74
activity#com.easemob.ChuangKeYuan.ui.HomeActivity
ADDED from CKY\ChuangKeYuan\AndroidManifest.xml:83:9-84:15
	android:name
		ADDED from CKY\ChuangKeYuan\AndroidManifest.xml:83:19-74
activity#com.easemob.ChuangKeYuan.ui.GuideActivity
ADDED from CKY\ChuangKeYuan\AndroidManifest.xml:86:9-78
	android:name
		ADDED from CKY\ChuangKeYuan\AndroidManifest.xml:86:19-75
activity#com.easemob.ChuangKeYuan.ui.RecordActivity
ADDED from CKY\ChuangKeYuan\AndroidManifest.xml:88:9-78
	android:name
		ADDED from CKY\ChuangKeYuan\AndroidManifest.xml:88:19-76
activity#com.easemob.ChuangKeYuan.ui.DownloadActivity
ADDED from CKY\ChuangKeYuan\AndroidManifest.xml:90:9-80
	android:name
		ADDED from CKY\ChuangKeYuan\AndroidManifest.xml:90:19-78
activity#com.easemob.ChuangKeYuan.ui.SearchActivity
ADDED from CKY\ChuangKeYuan\AndroidManifest.xml:92:9-78
	android:name
		ADDED from CKY\ChuangKeYuan\AndroidManifest.xml:92:19-76
activity#com.easemob.ChuangKeYuan.ui.AdressActivity
ADDED from CKY\ChuangKeYuan\AndroidManifest.xml:94:9-78
	android:name
		ADDED from CKY\ChuangKeYuan\AndroidManifest.xml:94:19-76
activity#com.easemob.ChuangKeYuan.ui.TeachActivity
ADDED from CKY\ChuangKeYuan\AndroidManifest.xml:96:9-77
	android:name
		ADDED from CKY\ChuangKeYuan\AndroidManifest.xml:96:19-75
activity#com.easemob.ChuangKeYuan.ui.FirstTeachActivity
ADDED from CKY\ChuangKeYuan\AndroidManifest.xml:98:9-82
	android:name
		ADDED from CKY\ChuangKeYuan\AndroidManifest.xml:98:19-80
activity#com.easemob.ChuangKeYuan.ui.PlanActivity
ADDED from CKY\ChuangKeYuan\AndroidManifest.xml:100:9-76
	android:name
		ADDED from CKY\ChuangKeYuan\AndroidManifest.xml:100:19-74
activity#com.easemob.ChuangKeYuan.ui.DesignActivity
ADDED from CKY\ChuangKeYuan\AndroidManifest.xml:102:9-78
	android:name
		ADDED from CKY\ChuangKeYuan\AndroidManifest.xml:102:19-76
activity#com.easemob.ChuangKeYuan.ui.TeacherActivity
ADDED from CKY\ChuangKeYuan\AndroidManifest.xml:104:9-79
	android:name
		ADDED from CKY\ChuangKeYuan\AndroidManifest.xml:104:19-77
activity#com.easemob.ChuangKeYuan.ui.FirstTeacherActivity
ADDED from CKY\ChuangKeYuan\AndroidManifest.xml:106:9-84
	android:name
		ADDED from CKY\ChuangKeYuan\AndroidManifest.xml:106:19-82
activity#com.easemob.ChuangKeYuan.ui.ParentsActivity
ADDED from CKY\ChuangKeYuan\AndroidManifest.xml:108:9-79
	android:name
		ADDED from CKY\ChuangKeYuan\AndroidManifest.xml:108:19-77
activity#com.easemob.ChuangKeYuan.ui.FirstParentsActivity
ADDED from CKY\ChuangKeYuan\AndroidManifest.xml:110:9-84
	android:name
		ADDED from CKY\ChuangKeYuan\AndroidManifest.xml:110:19-82
activity#com.easemob.ChuangKeYuan.ui.TaskActivity
ADDED from CKY\ChuangKeYuan\AndroidManifest.xml:112:9-76
	android:name
		ADDED from CKY\ChuangKeYuan\AndroidManifest.xml:112:19-74
activity#com.easemob.ChuangKeYuan.ui.ResponsibleActivity
ADDED from CKY\ChuangKeYuan\AndroidManifest.xml:114:9-83
	android:name
		ADDED from CKY\ChuangKeYuan\AndroidManifest.xml:114:19-81
activity#com.easemob.ChuangKeYuan.ui.HelpActivity
ADDED from CKY\ChuangKeYuan\AndroidManifest.xml:116:9-76
	android:name
		ADDED from CKY\ChuangKeYuan\AndroidManifest.xml:116:19-74
activity#com.easemob.ChuangKeYuan.ui.ClassActivity
ADDED from CKY\ChuangKeYuan\AndroidManifest.xml:118:9-77
	android:name
		ADDED from CKY\ChuangKeYuan\AndroidManifest.xml:118:19-75
activity#com.easemob.ChuangKeYuan.ui.ClassActivity_Item
ADDED from CKY\ChuangKeYuan\AndroidManifest.xml:120:9-58
	android:name
		ADDED from CKY\ChuangKeYuan\AndroidManifest.xml:120:19-56
activity#com.easemob.ChuangKeYuan.ui.HomeAddWorkActivity
ADDED from CKY\ChuangKeYuan\AndroidManifest.xml:122:9-59
	android:name
		ADDED from CKY\ChuangKeYuan\AndroidManifest.xml:122:19-57
activity#com.easemob.ChuangKeYuan.ui.LoginActivity
ADDED from CKY\ChuangKeYuan\AndroidManifest.xml:124:9-129:20
	android:screenOrientation
		ADDED from CKY\ChuangKeYuan\AndroidManifest.xml:126:13-49
	android:windowSoftInputMode
		ADDED from CKY\ChuangKeYuan\AndroidManifest.xml:128:13-68
	android:theme
		ADDED from CKY\ChuangKeYuan\AndroidManifest.xml:127:13-52
	android:name
		ADDED from CKY\ChuangKeYuan\AndroidManifest.xml:125:13-69
activity#com.easemob.ChuangKeYuan.ui.RegisterActivity
ADDED from CKY\ChuangKeYuan\AndroidManifest.xml:132:9-137:20
	android:screenOrientation
		ADDED from CKY\ChuangKeYuan\AndroidManifest.xml:134:13-49
	android:windowSoftInputMode
		ADDED from CKY\ChuangKeYuan\AndroidManifest.xml:136:13-68
	android:theme
		ADDED from CKY\ChuangKeYuan\AndroidManifest.xml:135:13-52
	android:name
		ADDED from CKY\ChuangKeYuan\AndroidManifest.xml:133:13-72
activity#com.easemob.ChuangKeYuan.ui.ChatActivity
ADDED from CKY\ChuangKeYuan\AndroidManifest.xml:139:9-145:20
	android:screenOrientation
		ADDED from CKY\ChuangKeYuan\AndroidManifest.xml:142:13-49
	android:launchMode
		ADDED from CKY\ChuangKeYuan\AndroidManifest.xml:141:13-43
	android:windowSoftInputMode
		ADDED from CKY\ChuangKeYuan\AndroidManifest.xml:144:13-55
	android:theme
		ADDED from CKY\ChuangKeYuan\AndroidManifest.xml:143:13-52
	android:name
		ADDED from CKY\ChuangKeYuan\AndroidManifest.xml:140:13-68
activity#com.easemob.ChuangKeYuan.ui.AddContactActivity
ADDED from CKY\ChuangKeYuan\AndroidManifest.xml:148:9-153:20
	android:screenOrientation
		ADDED from CKY\ChuangKeYuan\AndroidManifest.xml:150:13-49
	android:windowSoftInputMode
		ADDED from CKY\ChuangKeYuan\AndroidManifest.xml:151:13-55
	android:theme
		ADDED from CKY\ChuangKeYuan\AndroidManifest.xml:152:13-52
	android:name
		ADDED from CKY\ChuangKeYuan\AndroidManifest.xml:149:13-74
activity#com.easemob.ChuangKeYuan.ui.GroupDetailsActivity
ADDED from CKY\ChuangKeYuan\AndroidManifest.xml:155:9-159:20
	android:screenOrientation
		ADDED from CKY\ChuangKeYuan\AndroidManifest.xml:157:13-49
	android:theme
		ADDED from CKY\ChuangKeYuan\AndroidManifest.xml:158:13-52
	android:name
		ADDED from CKY\ChuangKeYuan\AndroidManifest.xml:156:13-76
activity#com.easemob.ChuangKeYuan.ui.GroupsActivity
ADDED from CKY\ChuangKeYuan\AndroidManifest.xml:161:9-166:20
	android:screenOrientation
		ADDED from CKY\ChuangKeYuan\AndroidManifest.xml:163:13-49
	android:windowSoftInputMode
		ADDED from CKY\ChuangKeYuan\AndroidManifest.xml:165:13-52
	android:theme
		ADDED from CKY\ChuangKeYuan\AndroidManifest.xml:164:13-52
	android:name
		ADDED from CKY\ChuangKeYuan\AndroidManifest.xml:162:13-70
activity#com.easemob.ChuangKeYuan.ui.ChatRoomDetailsActivity
ADDED from CKY\ChuangKeYuan\AndroidManifest.xml:169:9-173:20
	android:screenOrientation
		ADDED from CKY\ChuangKeYuan\AndroidManifest.xml:171:13-49
	android:theme
		ADDED from CKY\ChuangKeYuan\AndroidManifest.xml:172:13-52
	android:name
		ADDED from CKY\ChuangKeYuan\AndroidManifest.xml:170:13-79
activity#com.easemob.ChuangKeYuan.ui.NewGroupActivity
ADDED from CKY\ChuangKeYuan\AndroidManifest.xml:176:9-181:20
	android:screenOrientation
		ADDED from CKY\ChuangKeYuan\AndroidManifest.xml:178:13-49
	android:windowSoftInputMode
		ADDED from CKY\ChuangKeYuan\AndroidManifest.xml:180:13-52
	android:theme
		ADDED from CKY\ChuangKeYuan\AndroidManifest.xml:179:13-52
	android:name
		ADDED from CKY\ChuangKeYuan\AndroidManifest.xml:177:13-72
activity#com.easemob.ChuangKeYuan.ui.ExitGroupDialog
ADDED from CKY\ChuangKeYuan\AndroidManifest.xml:183:9-187:20
	android:screenOrientation
		ADDED from CKY\ChuangKeYuan\AndroidManifest.xml:185:13-49
	android:theme
		ADDED from CKY\ChuangKeYuan\AndroidManifest.xml:186:13-55
	android:name
		ADDED from CKY\ChuangKeYuan\AndroidManifest.xml:184:13-71
activity#com.easemob.ChuangKeYuan.ui.GroupPickContactsActivity
ADDED from CKY\ChuangKeYuan\AndroidManifest.xml:189:9-194:20
	android:screenOrientation
		ADDED from CKY\ChuangKeYuan\AndroidManifest.xml:191:13-49
	android:windowSoftInputMode
		ADDED from CKY\ChuangKeYuan\AndroidManifest.xml:193:13-52
	android:theme
		ADDED from CKY\ChuangKeYuan\AndroidManifest.xml:192:13-52
	android:name
		ADDED from CKY\ChuangKeYuan\AndroidManifest.xml:190:13-81
activity#com.easemob.easeui.ui.EaseBaiduMapActivity
ADDED from CKY\ChuangKeYuan\AndroidManifest.xml:196:9-200:20
	android:screenOrientation
		ADDED from CKY\ChuangKeYuan\AndroidManifest.xml:198:13-49
	android:theme
		ADDED from CKY\ChuangKeYuan\AndroidManifest.xml:199:13-52
	android:name
		ADDED from CKY\ChuangKeYuan\AndroidManifest.xml:197:13-70
activity#com.easemob.ChuangKeYuan.ui.NewFriendsMsgActivity
ADDED from CKY\ChuangKeYuan\AndroidManifest.xml:203:9-207:20
	android:screenOrientation
		ADDED from CKY\ChuangKeYuan\AndroidManifest.xml:205:13-49
	android:theme
		ADDED from CKY\ChuangKeYuan\AndroidManifest.xml:206:13-52
	android:name
		ADDED from CKY\ChuangKeYuan\AndroidManifest.xml:204:13-77
activity#com.easemob.ChuangKeYuan.ui.ForwardMessageActivity
ADDED from CKY\ChuangKeYuan\AndroidManifest.xml:209:9-214:20
	android:screenOrientation
		ADDED from CKY\ChuangKeYuan\AndroidManifest.xml:211:13-49
	android:windowSoftInputMode
		ADDED from CKY\ChuangKeYuan\AndroidManifest.xml:213:13-52
	android:theme
		ADDED from CKY\ChuangKeYuan\AndroidManifest.xml:212:13-52
	android:name
		ADDED from CKY\ChuangKeYuan\AndroidManifest.xml:210:13-78
activity#com.easemob.ChuangKeYuan.ui.ContextMenuActivity
ADDED from CKY\ChuangKeYuan\AndroidManifest.xml:216:9-220:20
	android:screenOrientation
		ADDED from CKY\ChuangKeYuan\AndroidManifest.xml:218:13-49
	android:theme
		ADDED from CKY\ChuangKeYuan\AndroidManifest.xml:219:13-49
	android:name
		ADDED from CKY\ChuangKeYuan\AndroidManifest.xml:217:13-75
activity#com.easemob.easeui.ui.EaseShowBigImageActivity
ADDED from CKY\ChuangKeYuan\AndroidManifest.xml:222:9-226:20
	android:screenOrientation
		ADDED from CKY\ChuangKeYuan\AndroidManifest.xml:224:13-49
	android:theme
		ADDED from CKY\ChuangKeYuan\AndroidManifest.xml:225:13-52
	android:name
		ADDED from CKY\ChuangKeYuan\AndroidManifest.xml:223:13-74
activity#com.easemob.easeui.ui.EaseShowNormalFileActivity
ADDED from CKY\ChuangKeYuan\AndroidManifest.xml:228:9-232:20
	android:screenOrientation
		ADDED from CKY\ChuangKeYuan\AndroidManifest.xml:230:13-49
	android:theme
		ADDED from CKY\ChuangKeYuan\AndroidManifest.xml:231:13-52
	android:name
		ADDED from CKY\ChuangKeYuan\AndroidManifest.xml:229:13-76
activity#com.easemob.ChuangKeYuan.ui.BlacklistActivity
ADDED from CKY\ChuangKeYuan\AndroidManifest.xml:234:9-238:20
	android:screenOrientation
		ADDED from CKY\ChuangKeYuan\AndroidManifest.xml:236:13-49
	android:theme
		ADDED from CKY\ChuangKeYuan\AndroidManifest.xml:237:13-52
	android:name
		ADDED from CKY\ChuangKeYuan\AndroidManifest.xml:235:13-73
activity#com.easemob.ChuangKeYuan.ui.PublicGroupsActivity
ADDED from CKY\ChuangKeYuan\AndroidManifest.xml:241:9-246:20
	android:screenOrientation
		ADDED from CKY\ChuangKeYuan\AndroidManifest.xml:243:13-49
	android:windowSoftInputMode
		ADDED from CKY\ChuangKeYuan\AndroidManifest.xml:245:13-52
	android:theme
		ADDED from CKY\ChuangKeYuan\AndroidManifest.xml:244:13-52
	android:name
		ADDED from CKY\ChuangKeYuan\AndroidManifest.xml:242:13-76
activity#com.easemob.ChuangKeYuan.ui.PublicChatRoomsActivity
ADDED from CKY\ChuangKeYuan\AndroidManifest.xml:248:9-253:20
	android:screenOrientation
		ADDED from CKY\ChuangKeYuan\AndroidManifest.xml:250:13-49
	android:windowSoftInputMode
		ADDED from CKY\ChuangKeYuan\AndroidManifest.xml:252:13-52
	android:theme
		ADDED from CKY\ChuangKeYuan\AndroidManifest.xml:251:13-52
	android:name
		ADDED from CKY\ChuangKeYuan\AndroidManifest.xml:249:13-79
activity#com.easemob.ChuangKeYuan.ui.VoiceCallActivity
ADDED from CKY\ChuangKeYuan\AndroidManifest.xml:256:9-261:20
	android:screenOrientation
		ADDED from CKY\ChuangKeYuan\AndroidManifest.xml:258:13-49
	android:launchMode
		ADDED from CKY\ChuangKeYuan\AndroidManifest.xml:259:13-44
	android:theme
		ADDED from CKY\ChuangKeYuan\AndroidManifest.xml:260:13-48
	android:name
		ADDED from CKY\ChuangKeYuan\AndroidManifest.xml:257:13-73
activity#com.easemob.ChuangKeYuan.ui.VideoCallActivity
ADDED from CKY\ChuangKeYuan\AndroidManifest.xml:263:9-269:20
	android:screenOrientation
		ADDED from CKY\ChuangKeYuan\AndroidManifest.xml:266:13-49
	android:launchMode
		ADDED from CKY\ChuangKeYuan\AndroidManifest.xml:267:13-44
	android:configChanges
		ADDED from CKY\ChuangKeYuan\AndroidManifest.xml:265:13-74
	android:theme
		ADDED from CKY\ChuangKeYuan\AndroidManifest.xml:268:13-52
	android:name
		ADDED from CKY\ChuangKeYuan\AndroidManifest.xml:264:13-73
activity#com.easemob.ChuangKeYuan.ui.GroupSimpleDetailActivity
ADDED from CKY\ChuangKeYuan\AndroidManifest.xml:271:9-275:20
	android:screenOrientation
		ADDED from CKY\ChuangKeYuan\AndroidManifest.xml:273:13-49
	android:theme
		ADDED from CKY\ChuangKeYuan\AndroidManifest.xml:274:13-52
	android:name
		ADDED from CKY\ChuangKeYuan\AndroidManifest.xml:272:13-81
activity#com.easemob.ChuangKeYuan.ui.GroupBlacklistActivity
ADDED from CKY\ChuangKeYuan\AndroidManifest.xml:277:9-281:20
	android:screenOrientation
		ADDED from CKY\ChuangKeYuan\AndroidManifest.xml:279:13-49
	android:theme
		ADDED from CKY\ChuangKeYuan\AndroidManifest.xml:280:13-52
	android:name
		ADDED from CKY\ChuangKeYuan\AndroidManifest.xml:278:13-78
activity#com.easemob.ChuangKeYuan.ui.PublicGroupsSeachActivity
ADDED from CKY\ChuangKeYuan\AndroidManifest.xml:283:9-287:20
	android:screenOrientation
		ADDED from CKY\ChuangKeYuan\AndroidManifest.xml:285:13-49
	android:theme
		ADDED from CKY\ChuangKeYuan\AndroidManifest.xml:286:13-52
	android:name
		ADDED from CKY\ChuangKeYuan\AndroidManifest.xml:284:13-81
activity#com.easemob.ChuangKeYuan.ui.EditActivity
ADDED from CKY\ChuangKeYuan\AndroidManifest.xml:290:9-295:20
	android:screenOrientation
		ADDED from CKY\ChuangKeYuan\AndroidManifest.xml:292:13-49
	android:windowSoftInputMode
		ADDED from CKY\ChuangKeYuan\AndroidManifest.xml:294:13-55
	android:theme
		ADDED from CKY\ChuangKeYuan\AndroidManifest.xml:293:13-52
	android:name
		ADDED from CKY\ChuangKeYuan\AndroidManifest.xml:291:13-68
activity#com.easemob.easeui.ui.EaseShowVideoActivity
ADDED from CKY\ChuangKeYuan\AndroidManifest.xml:297:9-302:20
	android:screenOrientation
		ADDED from CKY\ChuangKeYuan\AndroidManifest.xml:299:13-49
	android:windowSoftInputMode
		ADDED from CKY\ChuangKeYuan\AndroidManifest.xml:301:13-60
	android:theme
		ADDED from CKY\ChuangKeYuan\AndroidManifest.xml:300:13-52
	android:name
		ADDED from CKY\ChuangKeYuan\AndroidManifest.xml:298:13-71
activity#com.easemob.ChuangKeYuan.ui.ImageGridActivity
ADDED from CKY\ChuangKeYuan\AndroidManifest.xml:304:9-309:20
	android:screenOrientation
		ADDED from CKY\ChuangKeYuan\AndroidManifest.xml:306:13-49
	android:windowSoftInputMode
		ADDED from CKY\ChuangKeYuan\AndroidManifest.xml:308:13-60
	android:theme
		ADDED from CKY\ChuangKeYuan\AndroidManifest.xml:307:13-52
	android:name
		ADDED from CKY\ChuangKeYuan\AndroidManifest.xml:305:13-73
activity#com.easemob.ChuangKeYuan.ui.RecorderVideoActivity
ADDED from CKY\ChuangKeYuan\AndroidManifest.xml:311:9-316:20
	android:screenOrientation
		ADDED from CKY\ChuangKeYuan\AndroidManifest.xml:313:13-49
	android:windowSoftInputMode
		ADDED from CKY\ChuangKeYuan\AndroidManifest.xml:315:13-60
	android:theme
		ADDED from CKY\ChuangKeYuan\AndroidManifest.xml:314:13-52
	android:name
		ADDED from CKY\ChuangKeYuan\AndroidManifest.xml:312:13-77
activity#com.easemob.ChuangKeYuan.ui.UserProfileActivity
ADDED from CKY\ChuangKeYuan\AndroidManifest.xml:320:3-324:19
	android:screenOrientation
		ADDED from CKY\ChuangKeYuan\AndroidManifest.xml:322:7-43
	android:theme
		ADDED from CKY\ChuangKeYuan\AndroidManifest.xml:323:7-46
	android:name
		ADDED from CKY\ChuangKeYuan\AndroidManifest.xml:321:7-69
receiver#com.easemob.chat.StartServiceReceiver
ADDED from CKY\ChuangKeYuan\AndroidManifest.xml:327:9-334:20
	android:name
		ADDED from CKY\ChuangKeYuan\AndroidManifest.xml:327:19-71
intent-filter#android.intent.action.BOOT_COMPLETED+android.intent.action.QUICKBOOT_POWERON+android.intent.category.LAUNCHER
ADDED from CKY\ChuangKeYuan\AndroidManifest.xml:328:13-333:29
	android:priority
		ADDED from CKY\ChuangKeYuan\AndroidManifest.xml:328:28-51
action#android.intent.action.BOOT_COMPLETED
ADDED from CKY\ChuangKeYuan\AndroidManifest.xml:329:17-79
	android:name
		ADDED from CKY\ChuangKeYuan\AndroidManifest.xml:329:25-76
action#android.intent.action.QUICKBOOT_POWERON
ADDED from CKY\ChuangKeYuan\AndroidManifest.xml:330:17-82
	android:name
		ADDED from CKY\ChuangKeYuan\AndroidManifest.xml:330:25-79
service#com.umeng.update.net.DownloadingService
ADDED from CKY\ChuangKeYuan\AndroidManifest.xml:337:9-340:13
	android:process
		ADDED from CKY\ChuangKeYuan\AndroidManifest.xml:339:8-45
	android:name
		ADDED from CKY\ChuangKeYuan\AndroidManifest.xml:338:8-62
activity#com.umeng.update.UpdateDialogActivity
ADDED from CKY\ChuangKeYuan\AndroidManifest.xml:341:3-344:14
	android:theme
		ADDED from CKY\ChuangKeYuan\AndroidManifest.xml:343:7-66
	android:name
		ADDED from CKY\ChuangKeYuan\AndroidManifest.xml:342:7-59
meta-data#EASEMOB_APPKEY
ADDED from CKY\ChuangKeYuan\AndroidManifest.xml:347:9-349:42
	android:value
		ADDED from CKY\ChuangKeYuan\AndroidManifest.xml:349:13-39
	android:name
		ADDED from CKY\ChuangKeYuan\AndroidManifest.xml:348:13-42
service#com.easemob.chat.EMChatService
ADDED from CKY\ChuangKeYuan\AndroidManifest.xml:351:9-353:15
	android:exported
		ADDED from CKY\ChuangKeYuan\AndroidManifest.xml:352:13-36
	android:name
		ADDED from CKY\ChuangKeYuan\AndroidManifest.xml:351:18-63
receiver#com.easemob.chat.EMMonitorReceiver
ADDED from CKY\ChuangKeYuan\AndroidManifest.xml:355:9-365:20
	android:name
		ADDED from CKY\ChuangKeYuan\AndroidManifest.xml:355:19-68
intent-filter#android.intent.action.PACKAGE_REMOVED
ADDED from CKY\ChuangKeYuan\AndroidManifest.xml:356:13-359:29
action#android.intent.action.PACKAGE_REMOVED
ADDED from CKY\ChuangKeYuan\AndroidManifest.xml:357:17-79
	android:name
		ADDED from CKY\ChuangKeYuan\AndroidManifest.xml:357:25-77
data
ADDED from CKY\ChuangKeYuan\AndroidManifest.xml:358:17-49
	android:scheme
		ADDED from CKY\ChuangKeYuan\AndroidManifest.xml:358:23-47
intent-filter#android.intent.action.BOOT_COMPLETED+android.intent.action.USER_PRESENT
ADDED from CKY\ChuangKeYuan\AndroidManifest.xml:361:13-364:29
action#android.intent.action.USER_PRESENT
ADDED from CKY\ChuangKeYuan\AndroidManifest.xml:363:17-77
	android:name
		ADDED from CKY\ChuangKeYuan\AndroidManifest.xml:363:25-74
service#com.baidu.location.f
ADDED from CKY\ChuangKeYuan\AndroidManifest.xml:368:9-371:41
	android:enabled
		ADDED from CKY\ChuangKeYuan\AndroidManifest.xml:370:13-35
	android:process
		ADDED from CKY\ChuangKeYuan\AndroidManifest.xml:371:13-38
	android:name
		ADDED from CKY\ChuangKeYuan\AndroidManifest.xml:369:13-48
meta-data#UMENG_APPKEY
ADDED from CKY\ChuangKeYuan\AndroidManifest.xml:373:9-376:21
	android:value
		ADDED from CKY\ChuangKeYuan\AndroidManifest.xml:375:13-53
	android:name
		ADDED from CKY\ChuangKeYuan\AndroidManifest.xml:374:13-40
meta-data#UMENG_CHANNEL
ADDED from CKY\ChuangKeYuan\AndroidManifest.xml:377:9-74
	android:value
		ADDED from CKY\ChuangKeYuan\AndroidManifest.xml:377:20-43
	android:name
		ADDED from CKY\ChuangKeYuan\AndroidManifest.xml:377:44-72
meta-data#com.baidu.lbsapi.API_KEY
ADDED from CKY\ChuangKeYuan\AndroidManifest.xml:378:9-380:64
	android:value
		ADDED from CKY\ChuangKeYuan\AndroidManifest.xml:380:13-61
	android:name
		ADDED from CKY\ChuangKeYuan\AndroidManifest.xml:379:13-52